2025-01-05 14:59:04,266 - __main__ - INFO - Starting main execution...
2025-01-05 14:59:07,411 - sentence_transformers.SentenceTransformer - INFO - Load pretrained SentenceTransformer: sentence-transformers/all-MiniLM-L6-v2
2025-01-05 14:59:17,554 - __main__ - INFO - Successfully initialized embedding model: sentence-transformers/all-MiniLM-L6-v2
2025-01-05 14:59:17,555 - __main__ - INFO - Starting index building process...
2025-01-05 14:59:17,555 - __main__ - INFO - Loading course data from ../data/courses_data.json
2025-01-05 14:59:17,588 - __main__ - INFO - Successfully loaded 72 course documents
2025-01-05 14:59:17,603 - __main__ - INFO - Created 219 text chunks for indexing
2025-01-05 14:59:22,508 - __main__ - INFO - Index and metadata saved to ../embeddings
2025-01-05 14:59:22,508 - __main__ - INFO - Index built and saved successfully
2025-01-05 14:59:22,519 - __main__ - INFO - Found 5 results for query: machine learning for beginners
2025-01-05 14:59:22,519 - __main__ - INFO - 
Search results for: machine learning for beginners
2025-01-05 14:59:22,519 - __main__ - INFO - 
1. Machine Learning Certification Course for Beginners
2025-01-05 14:59:22,519 - __main__ - INFO -    Score: 0.900
2025-01-05 14:59:22,519 - __main__ - INFO -    URL: https://courses.analyticsvidhya.com/courses/Machine-Learning-Certification-Course-for-Beginners
2025-01-05 14:59:22,519 - __main__ - INFO - 
2. Machine Learning Starter Program
2025-01-05 14:59:22,519 - __main__ - INFO -    Score: 1.004
2025-01-05 14:59:22,519 - __main__ - INFO -    URL: https://courses.analyticsvidhya.com/bundles/machine-learning-starter-program
2025-01-05 14:59:22,519 - __main__ - INFO - 
3. Applied Machine Learning - Beginner to Professional
2025-01-05 14:59:22,519 - __main__ - INFO -    Score: 1.038
2025-01-05 14:59:22,519 - __main__ - INFO -    URL: https://courses.analyticsvidhya.com/courses/applied-machine-learning-beginner-to-professional
2025-01-05 14:59:22,519 - __main__ - INFO - 
4. A Comprehensive Learning Path to Become a Data Scientist in 2024
2025-01-05 14:59:22,519 - __main__ - INFO -    Score: 1.098
2025-01-05 14:59:22,519 - __main__ - INFO -    URL: https://courses.analyticsvidhya.com/courses/a-comprehensive-learning-path-to-become-a-data-scientist-in-twenty-twenty-four
2025-01-05 14:59:22,520 - __main__ - INFO - 
5. A Comprehensive Learning Path to Become a Data Scientist in 2024
2025-01-05 14:59:22,520 - __main__ - INFO -    Score: 1.128
2025-01-05 14:59:22,520 - __main__ - INFO -    URL: https://courses.analyticsvidhya.com/courses/a-comprehensive-learning-path-to-become-a-data-scientist-in-twenty-twenty-four
2025-01-05 14:59:22,520 - __main__ - INFO - 
Index Statistics:
{
  "num_documents": 72,
  "last_updated": "Unknown",
  "embedding_model": "Unknown",
  "created_by": "Unknown"
}
2025-01-05 15:00:00,171 - sentence_transformers.SentenceTransformer - INFO - Load pretrained SentenceTransformer: sentence-transformers/all-MiniLM-L6-v2
2025-01-05 15:00:03,282 - build_index - INFO - Successfully initialized embedding model: sentence-transformers/all-MiniLM-L6-v2
2025-01-05 15:00:03,322 - build_index - INFO - Index and metadata loaded successfully
2025-01-05 15:00:21,788 - sentence_transformers.SentenceTransformer - INFO - Load pretrained SentenceTransformer: sentence-transformers/all-MiniLM-L6-v2
2025-01-05 15:00:24,688 - build_index - INFO - Successfully initialized embedding model: sentence-transformers/all-MiniLM-L6-v2
2025-01-05 15:00:24,709 - build_index - INFO - Index and metadata loaded successfully
2025-01-05 15:00:24,737 - build_index - INFO - Found 5 results for query: machine learning
2025-01-05 15:00:53,098 - sentence_transformers.SentenceTransformer - INFO - Load pretrained SentenceTransformer: sentence-transformers/all-MiniLM-L6-v2
2025-01-05 15:00:54,280 - sentence_transformers.SentenceTransformer - INFO - Load pretrained SentenceTransformer: sentence-transformers/all-MiniLM-L6-v2
2025-01-05 15:00:55,819 - build_index - INFO - Successfully initialized embedding model: sentence-transformers/all-MiniLM-L6-v2
2025-01-05 15:00:55,844 - build_index - INFO - Index and metadata loaded successfully
2025-01-05 15:01:28,029 - build_index - INFO - Successfully initialized embedding model: sentence-transformers/all-MiniLM-L6-v2
2025-01-05 15:01:28,047 - build_index - INFO - Index and metadata loaded successfully
2025-01-05 15:01:28,078 - build_index - INFO - Found 20 results for query: machine learning
2025-01-05 15:01:44,510 - sentence_transformers.SentenceTransformer - INFO - Load pretrained SentenceTransformer: sentence-transformers/all-MiniLM-L6-v2
2025-01-05 15:01:47,222 - build_index - INFO - Successfully initialized embedding model: sentence-transformers/all-MiniLM-L6-v2
2025-01-05 15:01:47,241 - build_index - INFO - Index and metadata loaded successfully
2025-01-05 15:01:47,265 - build_index - INFO - Found 20 results for query: machine learning
